<?xml version="1.0" encoding="UTF-8"?>
<!-- Generated by org.testng.reporters.JUnitReportReporter -->
<testsuite skipped="0" hostname="Ashu-PC" name="com.SeleniumBasic.HandleCheckBoxes" tests="1" failures="0" timestamp="02 Sep 2018 19:13:08 GMT" time="30.895" errors="0">
  <testcase name="checkBoxHandle" time="30.895" classname="com.SeleniumBasic.HandleCheckBoxes"/>
</testsuite> <!-- com.SeleniumBasic.HandleCheckBoxes -->
