<?xml version="1.0" encoding="UTF-8"?>
<!-- Generated by org.testng.reporters.JUnitReportReporter -->
<testsuite skipped="0" hostname="Ashu-PC" name="com.SeleniumBasic.verifyPageTitle" tests="1" failures="0" timestamp="02 Sep 2018 17:06:16 GMT" time="80.012" errors="0">
  <testcase name="VerifyPageTitle" time="80.012" classname="com.SeleniumBasic.verifyPageTitle"/>
</testsuite> <!-- com.SeleniumBasic.verifyPageTitle -->
