<?xml version="1.0" encoding="UTF-8"?>
<!-- Generated by org.testng.reporters.JUnitReportReporter -->
<testsuite skipped="0" hostname="Ashu-PC" name="com.SeleniumBasic.HandleRadioButton" tests="1" failures="0" timestamp="02 Sep 2018 17:59:55 GMT" time="56.508" errors="0">
  <testcase name="radioButtonHandle" time="56.508" classname="com.SeleniumBasic.HandleRadioButton"/>
</testsuite> <!-- com.SeleniumBasic.HandleRadioButton -->
